# JRE version: OpenJDK Runtime Environment Temurin-21.0.9+10 (21.0.9+10) (build 21.0.9+10-LTS)
# Java VM: OpenJDK 64-Bit Server VM Temurin-21.0.9+10 (21.0.9+10-LTS, mixed mode, sharing, tiered, compressed oops, compressed class ptrs, parallel gc, windows-amd64)
GC Precious Log:
 CardTable entry size: 512
 CPUs: 12 total, 12 available
 Memory: 7520M
 Large Page Support: Disabled
 NUMA Support: Disabled
 Compressed Oops: Enabled (32-bit)
 Alignments: Space 512K, Generation 512K, Heap 2M
 Heap Min Capacity: 100M
 Heap Initial Capacity: 100M
 Heap Max Capacity: 2G
 Pre-touch: Disabled
 Parallel Workers: 10
Heap:
 PSYoungGen      total 17408K, used 9247K [0x00000000d5580000, 0x00000000d6f00000, 0x0000000100000000)
  eden space 15872K, 48% used [0x00000000d5580000,0x00000000d5d0d348,0x00000000d6500000)
  from space 1536K, 98% used [0x00000000d6880000,0x00000000d69fac00,0x00000000d6a00000)
  to   space 5120K, 0% used [0x00000000d6a00000,0x00000000d6a00000,0x00000000d6f00000)
 ParOldGen       total 68608K, used 35053K [0x0000000080000000, 0x0000000084300000, 0x00000000d5580000)
  object space 68608K, 51% used [0x0000000080000000,0x000000008223b628,0x0000000084300000)
 Metaspace       used 46155K, committed 47296K, reserved 1114112K
  class space    used 5279K, committed 5760K, reserved 1048576K
GC Heap History (20 events):
Event: 13.823 GC heap before
{Heap before GC invocations=16 (full 2):
 PSYoungGen      total 25088K, used 22016K [0x00000000d5580000, 0x00000000d7180000, 0x0000000100000000)
  eden space 22016K, 100% used [0x00000000d5580000,0x00000000d6b00000,0x00000000d6b00000)
  from space 3072K, 0% used [0x00000000d6c80000,0x00000000d6c80000,0x00000000d6f80000)
  to   space 2048K, 0% used [0x00000000d6f80000,0x00000000d6f80000,0x00000000d7180000)
 ParOldGen       total 68608K, used 19679K [0x0000000080000000, 0x0000000084300000, 0x00000000d5580000)
  object space 68608K, 28% used [0x0000000080000000,0x0000000081337dc0,0x0000000084300000)
 Metaspace       used 36926K, committed 38016K, reserved 1114112K
  class space    used 3966K, committed 4416K, reserved 1048576K
}
Event: 13.828 GC heap after
{Heap after GC invocations=16 (full 2):
 PSYoungGen      total 23552K, used 1088K [0x00000000d5580000, 0x00000000d7100000, 0x0000000100000000)
  eden space 22016K, 0% used [0x00000000d5580000,0x00000000d5580000,0x00000000d6b00000)
  from space 1536K, 70% used [0x00000000d6f80000,0x00000000d7090000,0x00000000d7100000)
  to   space 1536K, 0% used [0x00000000d6e00000,0x00000000d6e00000,0x00000000d6f80000)
 ParOldGen       total 68608K, used 19687K [0x0000000080000000, 0x0000000084300000, 0x00000000d5580000)
  object space 68608K, 28% used [0x0000000080000000,0x0000000081339dc0,0x0000000084300000)
 Metaspace       used 36926K, committed 38016K, reserved 1114112K
  class space    used 3966K, committed 4416K, reserved 1048576K
}
Event: 14.515 GC heap before
{Heap before GC invocations=17 (full 2):
 PSYoungGen      total 23552K, used 23104K [0x00000000d5580000, 0x00000000d7100000, 0x0000000100000000)
  eden space 22016K, 100% used [0x00000000d5580000,0x00000000d6b00000,0x00000000d6b00000)
  from space 1536K, 70% used [0x00000000d6f80000,0x00000000d7090000,0x00000000d7100000)
  to   space 1536K, 0% used [0x00000000d6e00000,0x00000000d6e00000,0x00000000d6f80000)
 ParOldGen       total 68608K, used 19687K [0x0000000080000000, 0x0000000084300000, 0x00000000d5580000)
  object space 68608K, 28% used [0x0000000080000000,0x0000000081339dc0,0x0000000084300000)
 Metaspace       used 38873K, committed 39936K, reserved 1114112K
  class space    used 4248K, committed 4672K, reserved 1048576K
}
Event: 14.519 GC heap after
{Heap after GC invocations=17 (full 2):
 PSYoungGen      total 23040K, used 896K [0x00000000d5580000, 0x00000000d7000000, 0x0000000100000000)
  eden space 22016K, 0% used [0x00000000d5580000,0x00000000d5580000,0x00000000d6b00000)
  from space 1024K, 87% used [0x00000000d6e00000,0x00000000d6ee0000,0x00000000d6f00000)
  to   space 1024K, 0% used [0x00000000d6f00000,0x00000000d6f00000,0x00000000d7000000)
 ParOldGen       total 68608K, used 20483K [0x0000000080000000, 0x0000000084300000, 0x00000000d5580000)
  object space 68608K, 29% used [0x0000000080000000,0x0000000081400ec0,0x0000000084300000)
 Metaspace       used 38873K, committed 39936K, reserved 1114112K
  class space    used 4248K, committed 4672K, reserved 1048576K
}
Event: 15.118 GC heap before
{Heap before GC invocations=18 (full 2):
 PSYoungGen      total 23040K, used 22912K [0x00000000d5580000, 0x00000000d7000000, 0x0000000100000000)
  eden space 22016K, 100% used [0x00000000d5580000,0x00000000d6b00000,0x00000000d6b00000)
  from space 1024K, 87% used [0x00000000d6e00000,0x00000000d6ee0000,0x00000000d6f00000)
  to   space 1024K, 0% used [0x00000000d6f00000,0x00000000d6f00000,0x00000000d7000000)
 ParOldGen       total 68608K, used 20483K [0x0000000080000000, 0x0000000084300000, 0x00000000d5580000)
  object space 68608K, 29% used [0x0000000080000000,0x0000000081400ec0,0x0000000084300000)
 Metaspace       used 39947K, committed 41088K, reserved 1114112K
  class space    used 4379K, committed 4864K, reserved 1048576K
}
Event: 15.123 GC heap after
{Heap after GC invocations=18 (full 2):
 PSYoungGen      total 16896K, used 1017K [0x00000000d5580000, 0x00000000d7f00000, 0x0000000100000000)
  eden space 15872K, 0% used [0x00000000d5580000,0x00000000d5580000,0x00000000d6500000)
  from space 1024K, 99% used [0x00000000d6f00000,0x00000000d6ffe4d0,0x00000000d7000000)
  to   space 10240K, 0% used [0x00000000d6500000,0x00000000d6500000,0x00000000d6f00000)
 ParOldGen       total 68608K, used 28219K [0x0000000080000000, 0x0000000084300000, 0x00000000d5580000)
  object space 68608K, 41% used [0x0000000080000000,0x0000000081b8eff8,0x0000000084300000)
 Metaspace       used 39947K, committed 41088K, reserved 1114112K
  class space    used 4379K, committed 4864K, reserved 1048576K
}
Event: 15.506 GC heap before
{Heap before GC invocations=19 (full 2):
 PSYoungGen      total 16896K, used 16889K [0x00000000d5580000, 0x00000000d7f00000, 0x0000000100000000)
  eden space 15872K, 100% used [0x00000000d5580000,0x00000000d6500000,0x00000000d6500000)
  from space 1024K, 99% used [0x00000000d6f00000,0x00000000d6ffe4d0,0x00000000d7000000)
  to   space 10240K, 0% used [0x00000000d6500000,0x00000000d6500000,0x00000000d6f00000)
 ParOldGen       total 68608K, used 28219K [0x0000000080000000, 0x0000000084300000, 0x00000000d5580000)
  object space 68608K, 41% used [0x0000000080000000,0x0000000081b8eff8,0x0000000084300000)
 Metaspace       used 41668K, committed 42816K, reserved 1114112K
  class space    used 4624K, committed 5120K, reserved 1048576K
}
Event: 15.511 GC heap after
{Heap after GC invocations=19 (full 2):
 PSYoungGen      total 16896K, used 814K [0x00000000d5580000, 0x00000000d6f80000, 0x0000000100000000)
  eden space 15872K, 0% used [0x00000000d5580000,0x00000000d5580000,0x00000000d6500000)
  from space 1024K, 79% used [0x00000000d6500000,0x00000000d65cb898,0x00000000d6600000)
  to   space 4096K, 0% used [0x00000000d6b80000,0x00000000d6b80000,0x00000000d6f80000)
 ParOldGen       total 68608K, used 29260K [0x0000000080000000, 0x0000000084300000, 0x00000000d5580000)
  object space 68608K, 42% used [0x0000000080000000,0x0000000081c93318,0x0000000084300000)
 Metaspace       used 41668K, committed 42816K, reserved 1114112K
  class space    used 4624K, committed 5120K, reserved 1048576K
}
Event: 15.806 GC heap before
{Heap before GC invocations=20 (full 2):
 PSYoungGen      total 16896K, used 16686K [0x00000000d5580000, 0x00000000d6f80000, 0x0000000100000000)
  eden space 15872K, 100% used [0x00000000d5580000,0x00000000d6500000,0x00000000d6500000)
  from space 1024K, 79% used [0x00000000d6500000,0x00000000d65cb898,0x00000000d6600000)
  to   space 4096K, 0% used [0x00000000d6b80000,0x00000000d6b80000,0x00000000d6f80000)
 ParOldGen       total 68608K, used 29260K [0x0000000080000000, 0x0000000084300000, 0x00000000d5580000)
  object space 68608K, 42% used [0x0000000080000000,0x0000000081c93318,0x0000000084300000)
 Metaspace       used 43066K, committed 44288K, reserved 1114112K
  class space    used 4876K, committed 5376K, reserved 1048576K
}
Event: 15.812 GC heap after
{Heap after GC invocations=20 (full 2):
 PSYoungGen      total 16896K, used 768K [0x00000000d5580000, 0x00000000d6c80000, 0x0000000100000000)
  eden space 15872K, 0% used [0x00000000d5580000,0x00000000d5580000,0x00000000d6500000)
  from space 1024K, 75% used [0x00000000d6b80000,0x00000000d6c40000,0x00000000d6c80000)
  to   space 1536K, 0% used [0x00000000d6980000,0x00000000d6980000,0x00000000d6b00000)
 ParOldGen       total 68608K, used 29880K [0x0000000080000000, 0x0000000084300000, 0x00000000d5580000)
  object space 68608K, 43% used [0x0000000080000000,0x0000000081d2e3f0,0x0000000084300000)
 Metaspace       used 43066K, committed 44288K, reserved 1114112K
  class space    used 4876K, committed 5376K, reserved 1048576K
}
Event: 16.152 GC heap before
{Heap before GC invocations=21 (full 2):
 PSYoungGen      total 16896K, used 16640K [0x00000000d5580000, 0x00000000d6c80000, 0x0000000100000000)
  eden space 15872K, 100% used [0x00000000d5580000,0x00000000d6500000,0x00000000d6500000)
  from space 1024K, 75% used [0x00000000d6b80000,0x00000000d6c40000,0x00000000d6c80000)
  to   space 1536K, 0% used [0x00000000d6980000,0x00000000d6980000,0x00000000d6b00000)
 ParOldGen       total 68608K, used 29880K [0x0000000080000000, 0x0000000084300000, 0x00000000d5580000)
  object space 68608K, 43% used [0x0000000080000000,0x0000000081d2e3f0,0x0000000084300000)
 Metaspace       used 44415K, committed 45632K, reserved 1114112K
  class space    used 5053K, committed 5568K, reserved 1048576K
}
Event: 16.155 GC heap after
{Heap after GC invocations=21 (full 2):
 PSYoungGen      total 17408K, used 832K [0x00000000d5580000, 0x00000000d6c00000, 0x0000000100000000)
  eden space 15872K, 0% used [0x00000000d5580000,0x00000000d5580000,0x00000000d6500000)
  from space 1536K, 54% used [0x00000000d6980000,0x00000000d6a50000,0x00000000d6b00000)
  to   space 1024K, 0% used [0x00000000d6b00000,0x00000000d6b00000,0x00000000d6c00000)
 ParOldGen       total 68608K, used 30488K [0x0000000080000000, 0x0000000084300000, 0x00000000d5580000)
  object space 68608K, 44% used [0x0000000080000000,0x0000000081dc63f0,0x0000000084300000)
 Metaspace       used 44415K, committed 45632K, reserved 1114112K
  class space    used 5053K, committed 5568K, reserved 1048576K
}
Event: 16.328 GC heap before
{Heap before GC invocations=22 (full 2):
 PSYoungGen      total 17408K, used 16704K [0x00000000d5580000, 0x00000000d6c00000, 0x0000000100000000)
  eden space 15872K, 100% used [0x00000000d5580000,0x00000000d6500000,0x00000000d6500000)
  from space 1536K, 54% used [0x00000000d6980000,0x00000000d6a50000,0x00000000d6b00000)
  to   space 1024K, 0% used [0x00000000d6b00000,0x00000000d6b00000,0x00000000d6c00000)
 ParOldGen       total 68608K, used 30488K [0x0000000080000000, 0x0000000084300000, 0x00000000d5580000)
  object space 68608K, 44% used [0x0000000080000000,0x0000000081dc63f0,0x0000000084300000)
 Metaspace       used 44992K, committed 46144K, reserved 1114112K
  class space    used 5119K, committed 5632K, reserved 1048576K
}
Event: 16.330 GC heap after
{Heap after GC invocations=22 (full 2):
 PSYoungGen      total 16896K, used 704K [0x00000000d5580000, 0x00000000d6c00000, 0x0000000100000000)
  eden space 15872K, 0% used [0x00000000d5580000,0x00000000d5580000,0x00000000d6500000)
  from space 1024K, 68% used [0x00000000d6b00000,0x00000000d6bb0000,0x00000000d6c00000)
  to   space 1024K, 0% used [0x00000000d6a00000,0x00000000d6a00000,0x00000000d6b00000)
 ParOldGen       total 68608K, used 31128K [0x0000000080000000, 0x0000000084300000, 0x00000000d5580000)
  object space 68608K, 45% used [0x0000000080000000,0x0000000081e66100,0x0000000084300000)
 Metaspace       used 44992K, committed 46144K, reserved 1114112K
  class space    used 5119K, committed 5632K, reserved 1048576K
}
Event: 16.548 GC heap before
{Heap before GC invocations=23 (full 2):
 PSYoungGen      total 16896K, used 16576K [0x00000000d5580000, 0x00000000d6c00000, 0x0000000100000000)
  eden space 15872K, 100% used [0x00000000d5580000,0x00000000d6500000,0x00000000d6500000)
  from space 1024K, 68% used [0x00000000d6b00000,0x00000000d6bb0000,0x00000000d6c00000)
  to   space 1024K, 0% used [0x00000000d6a00000,0x00000000d6a00000,0x00000000d6b00000)
 ParOldGen       total 68608K, used 31128K [0x0000000080000000, 0x0000000084300000, 0x00000000d5580000)
  object space 68608K, 45% used [0x0000000080000000,0x0000000081e66100,0x0000000084300000)
 Metaspace       used 45595K, committed 46720K, reserved 1114112K
  class space    used 5199K, committed 5696K, reserved 1048576K
}
Event: 16.550 GC heap after
{Heap after GC invocations=23 (full 2):
 PSYoungGen      total 16896K, used 736K [0x00000000d5580000, 0x00000000d6b80000, 0x0000000100000000)
  eden space 15872K, 0% used [0x00000000d5580000,0x00000000d5580000,0x00000000d6500000)
  from space 1024K, 71% used [0x00000000d6a00000,0x00000000d6ab8000,0x00000000d6b00000)
  to   space 512K, 0% used [0x00000000d6b00000,0x00000000d6b00000,0x00000000d6b80000)
 ParOldGen       total 68608K, used 31673K [0x0000000080000000, 0x0000000084300000, 0x00000000d5580000)
  object space 68608K, 46% used [0x0000000080000000,0x0000000081eee4a0,0x0000000084300000)
 Metaspace       used 45595K, committed 46720K, reserved 1114112K
  class space    used 5199K, committed 5696K, reserved 1048576K
}
Event: 16.666 GC heap before
{Heap before GC invocations=24 (full 2):
 PSYoungGen      total 16896K, used 16608K [0x00000000d5580000, 0x00000000d6b80000, 0x0000000100000000)
  eden space 15872K, 100% used [0x00000000d5580000,0x00000000d6500000,0x00000000d6500000)
  from space 1024K, 71% used [0x00000000d6a00000,0x00000000d6ab8000,0x00000000d6b00000)
  to   space 512K, 0% used [0x00000000d6b00000,0x00000000d6b00000,0x00000000d6b80000)
 ParOldGen       total 68608K, used 31677K [0x0000000080000000, 0x0000000084300000, 0x00000000d5580000)
  object space 68608K, 46% used [0x0000000080000000,0x0000000081eef768,0x0000000084300000)
 Metaspace       used 45726K, committed 46912K, reserved 1114112K
  class space    used 5214K, committed 5696K, reserved 1048576K
}
Event: 16.668 GC heap after
{Heap after GC invocations=24 (full 2):
 PSYoungGen      total 16384K, used 512K [0x00000000d5580000, 0x00000000d6b80000, 0x0000000100000000)
  eden space 15872K, 0% used [0x00000000d5580000,0x00000000d5580000,0x00000000d6500000)
  from space 512K, 100% used [0x00000000d6b00000,0x00000000d6b80000,0x00000000d6b80000)
  to   space 1536K, 0% used [0x00000000d6880000,0x00000000d6880000,0x00000000d6a00000)
 ParOldGen       total 68608K, used 32221K [0x0000000080000000, 0x0000000084300000, 0x00000000d5580000)
  object space 68608K, 46% used [0x0000000080000000,0x0000000081f77768,0x0000000084300000)
 Metaspace       used 45726K, committed 46912K, reserved 1114112K
  class space    used 5214K, committed 5696K, reserved 1048576K
}
Event: 16.870 GC heap before
{Heap before GC invocations=25 (full 2):
 PSYoungGen      total 16384K, used 16384K [0x00000000d5580000, 0x00000000d6b80000, 0x0000000100000000)
  eden space 15872K, 100% used [0x00000000d5580000,0x00000000d6500000,0x00000000d6500000)
  from space 512K, 100% used [0x00000000d6b00000,0x00000000d6b80000,0x00000000d6b80000)
  to   space 1536K, 0% used [0x00000000d6880000,0x00000000d6880000,0x00000000d6a00000)
 ParOldGen       total 68608K, used 32221K [0x0000000080000000, 0x0000000084300000, 0x00000000d5580000)
  object space 68608K, 46% used [0x0000000080000000,0x0000000081f77768,0x0000000084300000)
 Metaspace       used 45998K, committed 47168K, reserved 1114112K
  class space    used 5255K, committed 5760K, reserved 1048576K
}
Event: 16.873 GC heap after
{Heap after GC invocations=25 (full 2):
 PSYoungGen      total 17408K, used 1515K [0x00000000d5580000, 0x00000000d6f00000, 0x0000000100000000)
  eden space 15872K, 0% used [0x00000000d5580000,0x00000000d5580000,0x00000000d6500000)
  from space 1536K, 98% used [0x00000000d6880000,0x00000000d69fac00,0x00000000d6a00000)
  to   space 5120K, 0% used [0x00000000d6a00000,0x00000000d6a00000,0x00000000d6f00000)
 ParOldGen       total 68608K, used 35053K [0x0000000080000000, 0x0000000084300000, 0x00000000d5580000)
  object space 68608K, 51% used [0x0000000080000000,0x000000008223b628,0x0000000084300000)
 Metaspace       used 45998K, committed 47168K, reserved 1114112K
  class space    used 5255K, committed 5760K, reserved 1048576K
}

